Rebuild target 'STC32F12K'
compiling board.c...
compiling common.c...
compiling zf_adc.c...
compiling zf_delay.c...
compiling zf_eeprom.c...
compiling zf_exti.c...
compiling zf_gpio.c...
compiling zf_iic.c...
compiling zf_nvic.c...
compiling zf_pwm.c...
compiling zf_spi.c...
compiling zf_tim.c...
compiling zf_uart.c...
compiling zf_fifo.c...
compiling SEEKFREE_18TFT.c...
compiling SEEKFREE_ABSOLUTE_ENCODER.c...
compiling SEEKFREE_BLUETOOTH_CH9141.c...
compiling SEEKFREE_DL1A.c...
compiling SEEKFREE_DL1B.c...
compiling SEEKFREE_FONT.c...
compiling SEEKFREE_FUNCTION.c...
compiling SEEKFREE_ICM20602.c...
compiling SEEKFREE_IMU660RA.c...
compiling SEEKFREE_IMU963RA.c...
compiling SEEKFREE_IPS114_SPI.c...
compiling SEEKFREE_IPS200_SPI.c...
compiling SEEKFREE_MPU6050.c...
compiling SEEKFREE_OLED.c...
compiling SEEKFREE_TSL1401.c...
compiling SEEKFREE_VIRSCO.c...
compiling SEEKFREE_WIRELESS.c...
compiling isr.c...
compiling main.c...
compiling eeprom.c...
compiling key.c...
compiling menu.c...
compiling seekfree_assistant.c...
compiling seekfree_assistant_inface.c...
linking...
Program Size: data=8.0 edata+hdata=5217 xdata=0 const=795 code=33276
creating hex file from ".\Out_File\SEEKFREE"...
".\Out_File\SEEKFREE" - 0 Error(s), 0 Warning(s).
Build Time Elapsed:  00:00:05
